<?xml version="1.0" encoding="UTF-8"?>
<!-- Generated by org.testng.reporters.JUnitReportReporter -->
<testsuite hostname="DESKTOP-3CFO2EU" failures="0" tests="1" name="restAPI.GetRequestWithParam" time="2.824" errors="0" timestamp="08 Jul 2023 03:58:20 GMT" skipped="0">
  <testcase classname="restAPI.GetRequestWithParam" name="test1" time="2.824"/>
</testsuite> <!-- restAPI.GetRequestWithParam -->
