<?xml version="1.0" encoding="UTF-8"?>
<!-- Generated by org.testng.reporters.JUnitReportReporter -->
<testsuite hostname="DESKTOP-3CFO2EU" failures="0" tests="1" name="restAPI.DeleteRequest" time="1.778" errors="0" timestamp="08 Jul 2023 06:00:36 GMT" skipped="0">
  <testcase classname="restAPI.DeleteRequest" name="deleteRequest" time="1.778"/>
</testsuite> <!-- restAPI.DeleteRequest -->
