<?xml version="1.0" encoding="UTF-8"?>
<!-- Generated by org.testng.reporters.JUnitReportReporter -->
<testsuite hostname="DESKTOP-3CFO2EU" failures="0" tests="1" name="gitHub.DeleteRepo" time="2.139" errors="0" timestamp="08 Jul 2023 07:17:06 GMT" skipped="0">
  <testcase classname="gitHub.DeleteRepo" name="deleteRepoTest" time="2.139"/>
</testsuite> <!-- gitHub.DeleteRepo -->
