<?xml version="1.0" encoding="UTF-8"?>
<!-- Generated by org.testng.reporters.JUnitReportReporter -->
<testsuite hostname="DESKTOP-3CFO2EU" failures="0" tests="1" name="restAPI.PutRequestWithHashMap" time="2.535" errors="0" timestamp="08 Jul 2023 05:58:14 GMT" skipped="0">
  <testcase classname="restAPI.PutRequestWithHashMap" name="updateRequestWithHashMap" time="2.535"/>
</testsuite> <!-- restAPI.PutRequestWithHashMap -->
