<?xml version="1.0" encoding="UTF-8"?>
<!-- Generated by org.testng.reporters.JUnitReportReporter -->
<testsuite hostname="DESKTOP-3CFO2EU" failures="0" tests="1" name="springBootApp.PostRequest" time="2.979" errors="0" timestamp="08 Jul 2023 06:28:35 GMT" skipped="0">
  <testcase classname="springBootApp.PostRequest" name="createEmployee" time="2.979"/>
</testsuite> <!-- springBootApp.PostRequest -->
