<?xml version="1.0" encoding="UTF-8"?>
<!-- Generated by org.testng.reporters.JUnitReportReporter -->
<testsuite hostname="DESKTOP-3CFO2EU" failures="0" tests="1" name="restAPI.GetRequest" time="1.761" errors="0" timestamp="08 Jul 2023 04:00:51 GMT" skipped="0">
  <testcase classname="restAPI.GetRequest" name="test1" time="1.761"/>
</testsuite> <!-- restAPI.GetRequest -->
