<?xml version="1.0" encoding="UTF-8"?>
<!-- Generated by org.testng.reporters.JUnitReportReporter -->
<testsuite hostname="DESKTOP-3CFO2EU" failures="0" tests="2" name="oauthTest.GetStudents" time="0.166" errors="0" timestamp="15 Jul 2023 05:01:20 GMT" skipped="0">
  <testcase classname="oauthTest.GetStudents" name="getAllEmployeesTest1" time="0.031"/>
  <testcase classname="oauthTest.GetStudents" name="getAllEmployeesTest" time="0.135"/>
</testsuite> <!-- oauthTest.GetStudents -->
