<?xml version="1.0" encoding="UTF-8"?>
<!-- Generated by org.testng.reporters.JUnitReportReporter -->
<testsuite hostname="DESKTOP-3CFO2EU" failures="0" tests="1" name="restAPI.PostRequest" time="2.098" errors="0" timestamp="08 Jul 2023 04:31:09 GMT" skipped="0">
  <testcase classname="restAPI.PostRequest" name="createEmployee" time="2.098"/>
</testsuite> <!-- restAPI.PostRequest -->
