<?xml version="1.0" encoding="UTF-8"?>
<!-- Generated by org.testng.reporters.JUnitReportReporter -->
<testsuite hostname="DESKTOP-3CFO2EU" failures="0" tests="1" name="oauthTest.getEmployees" time="0.287" errors="0" timestamp="15 Jul 2023 04:45:49 GMT" skipped="0">
  <testcase classname="oauthTest.getEmployees" name="getAllEmployeesTest" time="0.287"/>
</testsuite> <!-- oauthTest.getEmployees -->
