<?xml version="1.0" encoding="UTF-8"?>
<!-- Generated by org.testng.reporters.JUnitReportReporter -->
<testsuite hostname="DESKTOP-3CFO2EU" failures="0" tests="1" name="restAPIWithXML.XMLTest" time="2.734" errors="0" timestamp="09 Jul 2023 05:28:50 GMT" skipped="0">
  <testcase classname="restAPIWithXML.XMLTest" name="xmlTest1" time="2.734"/>
</testsuite> <!-- restAPIWithXML.XMLTest -->
