<?xml version="1.0" encoding="UTF-8"?>
<!-- Generated by org.testng.reporters.JUnitReportReporter -->
<testsuite hostname="DESKTOP-3CFO2EU" failures="0" tests="1" name="restAPIBDD.GetRequestBDD" time="2.673" errors="0" timestamp="09 Jul 2023 05:03:46 GMT" skipped="0">
  <testcase classname="restAPIBDD.GetRequestBDD" name="getSingleEmployeeTest3" time="2.673"/>
</testsuite> <!-- restAPIBDD.GetRequestBDD -->
