<?xml version="1.0" encoding="UTF-8"?>
<!-- Generated by org.testng.reporters.JUnitReportReporter -->
<testsuite hostname="DESKTOP-3CFO2EU" failures="0" tests="1" name="restAPIBDD.PostRequestBDD" time="3.332" errors="0" timestamp="09 Jul 2023 04:45:53 GMT" skipped="0">
  <testcase classname="restAPIBDD.PostRequestBDD" name="addEmployeeTest" time="3.332"/>
</testsuite> <!-- restAPIBDD.PostRequestBDD -->
