<?xml version="1.0" encoding="UTF-8"?>
<!-- Generated by org.testng.reporters.JUnitReportReporter -->
<testsuite hostname="DESKTOP-3CFO2EU" failures="0" tests="1" name="restAPI.PutRequest" time="2.199" errors="0" timestamp="08 Jul 2023 05:51:15 GMT" skipped="0">
  <testcase classname="restAPI.PutRequest" name="updateRequest" time="2.199"/>
</testsuite> <!-- restAPI.PutRequest -->
