<?xml version="1.0" encoding="UTF-8"?>
<!-- Generated by org.testng.reporters.JUnitReportReporter -->
<testsuite hostname="DESKTOP-3CFO2EU" failures="0" tests="1" name="restAPI.GetNamesOfAllEmployees" time="2.488" errors="0" timestamp="08 Jul 2023 05:03:03 GMT" skipped="0">
  <testcase classname="restAPI.GetNamesOfAllEmployees" name="getNames" time="2.488"/>
</testsuite> <!-- restAPI.GetNamesOfAllEmployees -->
