<?xml version="1.0" encoding="UTF-8"?>
<!-- Generated by org.testng.reporters.JUnitReportReporter -->
<testsuite hostname="DESKTOP-3CFO2EU" failures="0" tests="1" name="restAPI.PostRequestWithMap" time="2.404" errors="0" timestamp="08 Jul 2023 04:44:48 GMT" skipped="0">
  <testcase classname="restAPI.PostRequestWithMap" name="createEmployeeUsingMap" time="2.404"/>
</testsuite> <!-- restAPI.PostRequestWithMap -->
