<?xml version="1.0" encoding="UTF-8"?>
<!-- Generated by org.testng.reporters.JUnitReportReporter -->
<testsuite hostname="DESKTOP-3CFO2EU" failures="0" tests="1" name="gitHub.CreateRepo" time="3.812" errors="0" timestamp="08 Jul 2023 07:16:34 GMT" skipped="0">
  <testcase classname="gitHub.CreateRepo" name="addRepoTest" time="3.812"/>
</testsuite> <!-- gitHub.CreateRepo -->
