<?xml version="1.0" encoding="UTF-8"?>
<!-- Generated by org.testng.reporters.JUnitReportReporter -->
<testsuite hostname="DESKTOP-3CFO2EU" failures="0" tests="1" name="restAPI.PostRequestWithJSONObject" time="2.411" errors="0" timestamp="08 Jul 2023 05:00:22 GMT" skipped="0">
  <testcase classname="restAPI.PostRequestWithJSONObject" name="createEmployeeUsingJSONObj" time="2.411"/>
</testsuite> <!-- restAPI.PostRequestWithJSONObject -->
