<?xml version="1.0" encoding="UTF-8"?>
<!-- Generated by org.testng.reporters.JUnitReportReporter -->
<testsuite hostname="DESKTOP-3CFO2EU" failures="0" tests="1" name="springBootApp.GetRequest" time="2.842" errors="0" timestamp="08 Jul 2023 06:27:45 GMT" skipped="0">
  <testcase classname="springBootApp.GetRequest" name="getEmployees" time="2.842"/>
</testsuite> <!-- springBootApp.GetRequest -->
