<?xml version="1.0" encoding="UTF-8"?>
<!-- Generated by org.testng.reporters.JUnitReportReporter -->
<testsuite hostname="DESKTOP-3CFO2EU" failures="0" tests="1" name="restAPI.PostRequestWithFile" time="1.846" errors="0" timestamp="08 Jul 2023 05:18:18 GMT" skipped="0">
  <testcase classname="restAPI.PostRequestWithFile" name="createEmployeeWithFile" time="1.846"/>
</testsuite> <!-- restAPI.PostRequestWithFile -->
